<?xml version="1.0" encoding="utf-8"?><testsuites name="pytest tests"><testsuite name="pytest" errors="0" failures="0" skipped="0" tests="56" time="127.469" timestamp="2026-04-17T09:50:23.291266+00:00" hostname="agent-env-eed7bf01-c3cc-49e8-8426-1098c50eb9b1"><testcase classname="backend.tests.test_forge_v8_agent_cognition.TestChatRegression" name="test_chat_stream_build_mode_default" time="2.222" /><testcase classname="backend.tests.test_forge_v8_agent_cognition.TestChatRegression" name="test_chat_stream_persists_message" time="5.975" /><testcase classname="backend.tests.test_forge_v8_agent_cognition.TestPlanMode" name="test_plan_mode_streams_and_returns_plan" time="20.282" /><testcase classname="backend.tests.test_forge_v8_agent_cognition.TestPlanMode" name="test_build_mode_may_contain_code_fences" time="2.840" /><testcase classname="backend.tests.test_forge_v8_agent_cognition.TestReviewEndpoint" name="test_review_no_files_returns_400" time="3.495" /><testcase classname="backend.tests.test_forge_v8_agent_cognition.TestReviewEndpoint" name="test_review_with_files_returns_review" time="15.702" /><testcase classname="backend.tests.test_forge_v8_agent_cognition.TestReviewEndpoint" name="test_review_debits_credit" time="14.216" /><testcase classname="backend.tests.test_forge_v8_agent_cognition.TestReviewEndpoint" name="test_review_logs_activity" time="13.717" /><testcase classname="backend.tests.test_forge_v8_agent_cognition.TestAgentMode" name="test_agent_mode_streams_agent_step_events" time="2.247" /><testcase classname="backend.tests.test_forge_v8_agent_cognition.TestAgentMode" name="test_agent_mode_creates_file_in_db" time="8.985" /><testcase classname="backend.tests.test_forge_v8_agent_cognition.TestAgentMode" name="test_agent_mode_max_5_rounds" time="9.536" /><testcase classname="backend.tests.test_forge_v8_agent_cognition.TestMemoryEndpoints" name="test_memory_get_new_project_returns_empty" time="4.278" /><testcase classname="backend.tests.test_forge_v8_agent_cognition.TestMemoryEndpoints" name="test_memory_put_persists_content" time="0.183" /><testcase classname="backend.tests.test_forge_v8_agent_cognition.TestMemoryEndpoints" name="test_memory_put_viewer_returns_403" time="0.137" /><testcase classname="backend.tests.test_forge_v8_agent_cognition.TestMemoryEndpoints" name="test_memory_injected_into_system_prompt" time="4.047" /><testcase classname="backend.tests.test_forge_v8_agent_cognition.TestInvalidModeFallback" name="test_invalid_mode_falls_back_to_build" time="5.971" /><testcase classname="backend.tests.test_forge_v8_agent_cognition.TestAgentToolParser" name="test_parse_list_files" time="0.000" /><testcase classname="backend.tests.test_forge_v8_agent_cognition.TestAgentToolParser" name="test_parse_read_file" time="0.000" /><testcase classname="backend.tests.test_forge_v8_agent_cognition.TestAgentToolParser" name="test_parse_write_file" time="0.000" /><testcase classname="backend.tests.test_forge_v8_agent_cognition.TestAgentToolParser" name="test_parse_done" time="0.000" /><testcase classname="backend.tests.test_forge_v8_agent_cognition.TestV6V7Regression" name="test_export_zip_works" time="2.767" /><testcase classname="backend.tests.test_forge_v8_agent_cognition.TestV6V7Regression" name="test_activity_endpoint_works" time="0.108" /><testcase classname="backend.tests.test_forge_v8_agent_cognition.TestV6V7Regression" name="test_settings_endpoint_works" time="0.098" /><testcase classname="backend.tests.test_forge_v8_agent_cognition.TestV6V7Regression" name="test_models_endpoint_works" time="0.096" /><testcase classname="backend.tests.test_forge_v8_agent_cognition.TestV6V7Regression" name="test_stripe_packages_works" time="0.091" /><testcase classname="backend.tests.test_forge_v8_agent_cognition.TestV6V7Regression" name="test_invite_endpoint_works" time="0.119" /><testcase classname="backend.tests.test_forge_v8_agent_cognition.TestV6V7Regression" name="test_files_endpoint_works" time="0.504" /><testcase classname="backend.tests.test_forge_v7_p1_features.TestModelsEndpoint" name="test_models_returns_7_models" time="0.100" /><testcase classname="backend.tests.test_forge_v7_p1_features.TestModelsEndpoint" name="test_models_have_provider_field" time="0.104" /><testcase classname="backend.tests.test_forge_v7_p1_features.TestModelsEndpoint" name="test_claude_sonnet_is_recommended" time="0.100" /><testcase classname="backend.tests.test_forge_v7_p1_features.TestGetSettings" name="test_settings_requires_auth" time="0.105" /><testcase classname="backend.tests.test_forge_v7_p1_features.TestGetSettings" name="test_settings_returns_defaults" time="0.463" /><testcase classname="backend.tests.test_forge_v7_p1_features.TestUpdateSettings" name="test_update_model_id_valid" time="0.204" /><testcase classname="backend.tests.test_forge_v7_p1_features.TestUpdateSettings" name="test_update_model_id_invalid" time="0.097" /><testcase classname="backend.tests.test_forge_v7_p1_features.TestUpdateSettings" name="test_update_system_prompt_valid" time="0.198" /><testcase classname="backend.tests.test_forge_v7_p1_features.TestUpdateSettings" name="test_update_system_prompt_too_long" time="0.118" /><testcase classname="backend.tests.test_forge_v7_p1_features.TestUpdateSettings" name="test_update_byo_keys_stores_key" time="0.143" /><testcase classname="backend.tests.test_forge_v7_p1_features.TestUpdateSettings" name="test_update_byo_keys_clear_key" time="0.142" /><testcase classname="backend.tests.test_forge_v7_p1_features.TestIntegrationConnect" name="test_github_connect_fake_token_rejected" time="0.232" /><testcase classname="backend.tests.test_forge_v7_p1_features.TestIntegrationConnect" name="test_vercel_connect_fake_token_rejected" time="0.267" /><testcase classname="backend.tests.test_forge_v7_p1_features.TestIntegrationConnect" name="test_netlify_connect_fake_token_rejected" time="0.292" /><testcase classname="backend.tests.test_forge_v7_p1_features.TestIntegrationConnect" name="test_github_connect_missing_token" time="0.101" /><testcase classname="backend.tests.test_forge_v7_p1_features.TestIntegrationDisconnect" name="test_disconnect_github_when_not_connected" time="0.110" /><testcase classname="backend.tests.test_forge_v7_p1_features.TestIntegrationDisconnect" name="test_disconnect_vercel_when_not_connected" time="0.113" /><testcase classname="backend.tests.test_forge_v7_p1_features.TestIntegrationDisconnect" name="test_disconnect_netlify_when_not_connected" time="0.109" /><testcase classname="backend.tests.test_forge_v7_p1_features.TestIntegrationDisconnect" name="test_disconnect_unknown_provider" time="0.101" /><testcase classname="backend.tests.test_forge_v7_p1_features.TestDeployNotConnected" name="test_github_push_not_connected" time="0.115" /><testcase classname="backend.tests.test_forge_v7_p1_features.TestDeployNotConnected" name="test_vercel_deploy_not_connected" time="0.111" /><testcase classname="backend.tests.test_forge_v7_p1_features.TestDeployNotConnected" name="test_netlify_deploy_not_connected" time="0.112" /><testcase classname="backend.tests.test_forge_v7_p1_features.TestChatRegression" name="test_chat_endpoint_works_with_default_model" time="1.440" /><testcase classname="backend.tests.test_forge_v7_p1_features.TestChatRegression" name="test_chat_respects_selected_model" time="3.503" /><testcase classname="backend.tests.test_forge_v7_p1_features.TestExistingFeaturesRegression" name="test_export_zip_works" time="0.120" /><testcase classname="backend.tests.test_forge_v7_p1_features.TestExistingFeaturesRegression" name="test_activity_endpoint_works" time="0.099" /><testcase classname="backend.tests.test_forge_v7_p1_features.TestExistingFeaturesRegression" name="test_invite_endpoint_works" time="0.103" /><testcase classname="backend.tests.test_forge_v7_p1_features.TestExistingFeaturesRegression" name="test_stripe_packages_endpoint_works" time="0.119" /><testcase classname="backend.tests.test_forge_v7_p1_features.TestExistingFeaturesRegression" name="test_stripe_checkout_works" time="0.897" /></testsuite></testsuites>