<?xml version="1.0" encoding="utf-8"?><testsuites name="pytest tests"><testsuite name="pytest" errors="0" failures="0" skipped="0" tests="21" time="3.372" timestamp="2026-04-17T08:20:02.666474+00:00" hostname="agent-env-eed7bf01-c3cc-49e8-8426-1098c50eb9b1"><testcase classname="backend.tests.test_forge_v4_features.TestProjectPublicField" name="test_project_has_public_field_default_false" time="0.290" /><testcase classname="backend.tests.test_forge_v4_features.TestProjectPublicField" name="test_project_has_role_field_owner" time="0.064" /><testcase classname="backend.tests.test_forge_v4_features.TestProjectPublicField" name="test_list_projects_includes_role" time="0.053" /><testcase classname="backend.tests.test_forge_v4_features.TestPatchProject" name="test_owner_can_update_name" time="0.054" /><testcase classname="backend.tests.test_forge_v4_features.TestPatchProject" name="test_owner_can_update_description" time="0.051" /><testcase classname="backend.tests.test_forge_v4_features.TestPatchProject" name="test_owner_can_set_public_true" time="0.050" /><testcase classname="backend.tests.test_forge_v4_features.TestPatchProject" name="test_owner_can_set_public_false" time="0.065" /><testcase classname="backend.tests.test_forge_v4_features.TestPatchProject" name="test_collaborator_cannot_update_project" time="0.167" /><testcase classname="backend.tests.test_forge_v4_features.TestInviteCollaborator" name="test_owner_can_invite_email" time="0.158" /><testcase classname="backend.tests.test_forge_v4_features.TestInviteCollaborator" name="test_invite_returns_already_invited_on_duplicate" time="0.203" /><testcase classname="backend.tests.test_forge_v4_features.TestInviteCollaborator" name="test_cannot_invite_own_email" time="0.151" /><testcase classname="backend.tests.test_forge_v4_features.TestInviteCollaborator" name="test_collaborator_cannot_invite" time="0.049" /><testcase classname="backend.tests.test_forge_v4_features.TestRemoveMember" name="test_owner_can_remove_member" time="0.202" /><testcase classname="backend.tests.test_forge_v4_features.TestRemoveMember" name="test_collaborator_cannot_remove_member" time="0.252" /><testcase classname="backend.tests.test_forge_v4_features.TestPublicShareEndpoint" name="test_public_project_accessible_without_auth" time="0.286" /><testcase classname="backend.tests.test_forge_v4_features.TestPublicShareEndpoint" name="test_private_project_returns_404" time="0.145" /><testcase classname="backend.tests.test_forge_v4_features.TestPublicShareEndpoint" name="test_nonexistent_project_returns_404" time="0.044" /><testcase classname="backend.tests.test_forge_v4_features.TestCollaboratorAccess" name="test_collaborator_sees_shared_project_in_list" time="0.227" /><testcase classname="backend.tests.test_forge_v4_features.TestCollaboratorAccess" name="test_collaborator_can_get_project" time="0.204" /><testcase classname="backend.tests.test_forge_v4_features.TestCollaboratorAccess" name="test_collaborator_cannot_access_uninvited_project" time="0.151" /><testcase classname="backend.tests.test_forge_v4_features.TestGetProjectReturnsMembers" name="test_get_project_includes_members" time="0.315" /></testsuite></testsuites>