<?xml version="1.0" encoding="utf-8"?><testsuites name="pytest tests"><testsuite name="pytest" errors="0" failures="0" skipped="0" tests="24" time="3.701" timestamp="2026-04-17T16:17:40.247963+00:00" hostname="agent-env-eed7bf01-c3cc-49e8-8426-1098c50eb9b1"><testcase classname="backend.tests.test_forge_v13_prompts.TestPromptsPublicEndpoints" name="test_list_prompts_returns_6_curated" time="0.158" /><testcase classname="backend.tests.test_forge_v13_prompts.TestPromptsPublicEndpoints" name="test_list_prompts_3_featured" time="0.110" /><testcase classname="backend.tests.test_forge_v13_prompts.TestPromptsPublicEndpoints" name="test_sort_popular" time="0.126" /><testcase classname="backend.tests.test_forge_v13_prompts.TestPromptsPublicEndpoints" name="test_sort_recent" time="0.109" /><testcase classname="backend.tests.test_forge_v13_prompts.TestPromptsPublicEndpoints" name="test_sort_featured" time="0.113" /><testcase classname="backend.tests.test_forge_v13_prompts.TestPromptsPublicEndpoints" name="test_search_q_security" time="0.116" /><testcase classname="backend.tests.test_forge_v13_prompts.TestPromptsPublicEndpoints" name="test_filter_tag_frontend" time="0.102" /><testcase classname="backend.tests.test_forge_v13_prompts.TestPromptsPublicEndpoints" name="test_get_prompt_by_id" time="0.133" /><testcase classname="backend.tests.test_forge_v13_prompts.TestPromptsPublicEndpoints" name="test_get_prompt_not_found" time="0.108" /><testcase classname="backend.tests.test_forge_v13_prompts.TestPromptsAuthenticatedEndpoints" name="test_submit_prompt_success" time="0.138" /><testcase classname="backend.tests.test_forge_v13_prompts.TestPromptsAuthenticatedEndpoints" name="test_submit_prompt_empty_title_400" time="0.117" /><testcase classname="backend.tests.test_forge_v13_prompts.TestPromptsAuthenticatedEndpoints" name="test_submit_prompt_empty_body_400" time="0.135" /><testcase classname="backend.tests.test_forge_v13_prompts.TestPromptsAuthenticatedEndpoints" name="test_submit_prompt_title_too_long_400" time="0.110" /><testcase classname="backend.tests.test_forge_v13_prompts.TestPromptsAuthenticatedEndpoints" name="test_submit_prompt_body_too_long_400" time="0.127" /><testcase classname="backend.tests.test_forge_v13_prompts.TestPromptsAuthenticatedEndpoints" name="test_upvote_toggle" time="0.237" /><testcase classname="backend.tests.test_forge_v13_prompts.TestPromptsAuthenticatedEndpoints" name="test_upvote_unknown_prompt_404" time="0.134" /><testcase classname="backend.tests.test_forge_v13_prompts.TestPromptsAuthenticatedEndpoints" name="test_apply_prompt_sets_settings" time="0.505" /><testcase classname="backend.tests.test_forge_v13_prompts.TestPromptsAuthenticatedEndpoints" name="test_apply_prompt_increments_usage_count" time="0.340" /><testcase classname="backend.tests.test_forge_v13_prompts.TestPromptsAuthenticatedEndpoints" name="test_apply_unknown_prompt_404" time="0.109" /><testcase classname="backend.tests.test_forge_v13_prompts.TestShowcaseRegression" name="test_showcase_detail_returns_file_paths" time="0.115" /><testcase classname="backend.tests.test_forge_v13_prompts.TestShowcaseRegression" name="test_showcase_detail_returns_fork_count" time="0.116" /><testcase classname="backend.tests.test_forge_v13_prompts.TestShowcaseRegression" name="test_showcase_list_public" time="0.113" /><testcase classname="backend.tests.test_forge_v13_prompts.TestSeedingIdempotency" name="test_curated_prompts_count_stable" time="0.107" /><testcase classname="backend.tests.test_forge_v13_prompts.TestSeedingIdempotency" name="test_curated_prompt_ids_unique" time="0.116" /></testsuite></testsuites>