<?xml version="1.0" encoding="utf-8"?><testsuites name="pytest tests"><testsuite name="pytest" errors="0" failures="0" skipped="0" tests="43" time="71.596" timestamp="2026-04-17T11:33:03.329083+00:00" hostname="agent-env-eed7bf01-c3cc-49e8-8426-1098c50eb9b1"><testcase classname="backend.tests.test_forge_v10_snapshots_showcase.TestSnapshotCreate" name="test_create_snapshot_success" time="0.508" /><testcase classname="backend.tests.test_forge_v10_snapshots_showcase.TestSnapshotCreate" name="test_create_snapshot_auto_label" time="0.129" /><testcase classname="backend.tests.test_forge_v10_snapshots_showcase.TestSnapshotCreate" name="test_create_snapshot_viewer_rejected" time="0.116" /><testcase classname="backend.tests.test_forge_v10_snapshots_showcase.TestSnapshotList" name="test_list_snapshots_newest_first" time="0.116" /><testcase classname="backend.tests.test_forge_v10_snapshots_showcase.TestSnapshotList" name="test_list_snapshots_viewer_allowed" time="0.107" /><testcase classname="backend.tests.test_forge_v10_snapshots_showcase.TestSnapshotRestore" name="test_restore_creates_safety_snapshot" time="0.250" /><testcase classname="backend.tests.test_forge_v10_snapshots_showcase.TestSnapshotRestore" name="test_restore_creates_version_entries" time="0.113" /><testcase classname="backend.tests.test_forge_v10_snapshots_showcase.TestSnapshotRestore" name="test_restore_sends_notification" time="0.117" /><testcase classname="backend.tests.test_forge_v10_snapshots_showcase.TestSnapshotRestore" name="test_restore_reversible_via_safety_snapshot" time="0.103" /><testcase classname="backend.tests.test_forge_v10_snapshots_showcase.TestSnapshotRestore" name="test_restore_viewer_rejected" time="0.111" /><testcase classname="backend.tests.test_forge_v10_snapshots_showcase.TestSnapshotRestore" name="test_restore_unknown_snapshot_404" time="0.138" /><testcase classname="backend.tests.test_forge_v10_snapshots_showcase.TestSnapshotDelete" name="test_delete_snapshot_success" time="0.155" /><testcase classname="backend.tests.test_forge_v10_snapshots_showcase.TestSnapshotDelete" name="test_delete_snapshot_twice_404" time="0.108" /><testcase classname="backend.tests.test_forge_v10_snapshots_showcase.TestSnapshotDelete" name="test_delete_snapshot_viewer_rejected" time="0.111" /><testcase classname="backend.tests.test_forge_v10_snapshots_showcase.TestVisibility" name="test_set_public_with_tagline" time="0.120" /><testcase classname="backend.tests.test_forge_v10_snapshots_showcase.TestVisibility" name="test_set_private_keeps_published_at" time="0.117" /><testcase classname="backend.tests.test_forge_v10_snapshots_showcase.TestVisibility" name="test_set_public_again_keeps_published_at" time="0.119" /><testcase classname="backend.tests.test_forge_v10_snapshots_showcase.TestVisibility" name="test_visibility_non_owner_404" time="0.108" /><testcase classname="backend.tests.test_forge_v10_snapshots_showcase.TestShowcase" name="test_showcase_list_no_auth" time="0.114" /><testcase classname="backend.tests.test_forge_v10_snapshots_showcase.TestShowcase" name="test_showcase_list_sort_popular" time="0.115" /><testcase classname="backend.tests.test_forge_v10_snapshots_showcase.TestShowcase" name="test_showcase_single_public_project" time="0.104" /><testcase classname="backend.tests.test_forge_v10_snapshots_showcase.TestShowcase" name="test_showcase_single_private_404" time="0.207" /><testcase classname="backend.tests.test_forge_v10_snapshots_showcase.TestShowcase" name="test_showcase_single_nonexistent_404" time="0.105" /><testcase classname="backend.tests.test_forge_v10_snapshots_showcase.TestFork" name="test_fork_public_project_success" time="0.252" /><testcase classname="backend.tests.test_forge_v10_snapshots_showcase.TestFork" name="test_fork_copies_files" time="0.122" /><testcase classname="backend.tests.test_forge_v10_snapshots_showcase.TestFork" name="test_fork_creates_version_entries" time="0.114" /><testcase classname="backend.tests.test_forge_v10_snapshots_showcase.TestFork" name="test_fork_appears_in_user_projects" time="0.105" /><testcase classname="backend.tests.test_forge_v10_snapshots_showcase.TestFork" name="test_fork_own_project_400" time="0.117" /><testcase classname="backend.tests.test_forge_v10_snapshots_showcase.TestFork" name="test_fork_private_project_404" time="0.210" /><testcase classname="backend.tests.test_forge_v10_snapshots_showcase.TestFork" name="test_fork_nonexistent_404" time="0.102" /><testcase classname="backend.tests.test_forge_v10_snapshots_showcase.TestFork" name="test_fork_unauth_401" time="0.099" /><testcase classname="backend.tests.test_forge_v10_snapshots_showcase.TestReasoningStream" name="test_chat_stream_with_thinking_emits_reasoning_event" time="32.207" /><testcase classname="backend.tests.test_forge_v10_snapshots_showcase.TestReasoningStream" name="test_chat_stream_without_thinking_works" time="13.497" /><testcase classname="backend.tests.test_forge_v10_snapshots_showcase.TestReasoningStream" name="test_agent_mode_preserves_full_reply" time="11.838" /><testcase classname="backend.tests.test_forge_v10_snapshots_showcase.TestRegressionV8" name="test_file_versioning_still_works" time="8.383" /><testcase classname="backend.tests.test_forge_v10_snapshots_showcase.TestRegressionV8" name="test_notifications_still_work" time="0.169" /><testcase classname="backend.tests.test_forge_v10_snapshots_showcase.TestRegressionV8" name="test_settings_still_work" time="0.104" /><testcase classname="backend.tests.test_forge_v10_snapshots_showcase.TestRegressionV8" name="test_models_still_work" time="0.105" /><testcase classname="backend.tests.test_forge_v10_snapshots_showcase.TestRegressionV8" name="test_templates_still_work" time="0.101" /><testcase classname="backend.tests.test_forge_v10_snapshots_showcase.TestRegressionV8" name="test_memory_still_works" time="0.175" /><testcase classname="backend.tests.test_forge_v10_snapshots_showcase.TestRegressionV8" name="test_project_crud_still_works" time="0.259" /><testcase classname="backend.tests.test_forge_v10_snapshots_showcase.TestRegressionV8" name="test_activity_still_works" time="0.111" /><testcase classname="backend.tests.test_forge_v10_snapshots_showcase.TestRegressionV8" name="test_export_still_works" time="0.117" /></testsuite></testsuites>