<?xml version="1.0" encoding="utf-8"?><testsuites name="pytest tests"><testsuite name="pytest" errors="0" failures="0" skipped="0" tests="19" time="9.300" timestamp="2026-04-17T08:36:44.757730+00:00" hostname="agent-env-eed7bf01-c3cc-49e8-8426-1098c50eb9b1"><testcase classname="backend.tests.test_forge_v5_features.TestInviteWithRole" name="test_invite_with_editor_role" time="0.227" /><testcase classname="backend.tests.test_forge_v5_features.TestInviteWithRole" name="test_invite_with_viewer_role" time="0.161" /><testcase classname="backend.tests.test_forge_v5_features.TestInviteWithRole" name="test_invite_default_role_is_editor" time="0.144" /><testcase classname="backend.tests.test_forge_v5_features.TestUpdateMemberRole" name="test_update_member_role_to_viewer" time="0.182" /><testcase classname="backend.tests.test_forge_v5_features.TestUpdateMemberRole" name="test_update_member_role_to_editor" time="0.188" /><testcase classname="backend.tests.test_forge_v5_features.TestUpdateMemberRole" name="test_update_member_invalid_role_returns_400" time="0.181" /><testcase classname="backend.tests.test_forge_v5_features.TestGetProjectMemberRole" name="test_viewer_sees_member_role_viewer" time="0.251" /><testcase classname="backend.tests.test_forge_v5_features.TestGetProjectMemberRole" name="test_editor_sees_member_role_editor" time="0.103" /><testcase classname="backend.tests.test_forge_v5_features.TestGetProjectMemberRole" name="test_owner_sees_member_role_owner" time="0.045" /><testcase classname="backend.tests.test_forge_v5_features.TestViewerChatRestriction" name="test_viewer_cannot_send_chat_message" time="0.059" /><testcase classname="backend.tests.test_forge_v5_features.TestViewerChatRestriction" name="test_viewer_cannot_use_chat_stream" time="0.057" /><testcase classname="backend.tests.test_forge_v5_features.TestViewerChatRestriction" name="test_editor_can_send_chat_message" time="2.296" /><testcase classname="backend.tests.test_forge_v5_features.TestViewerChatRestriction" name="test_owner_can_send_chat_message" time="3.252" /><testcase classname="backend.tests.test_forge_v5_features.TestWebSocket" name="test_websocket_auth_via_token_query_param" time="0.196" /><testcase classname="backend.tests.test_forge_v5_features.TestWebSocket" name="test_websocket_bad_auth_returns_error" time="0.174" /><testcase classname="backend.tests.test_forge_v5_features.TestWebSocket" name="test_websocket_no_access_returns_error" time="0.318" /><testcase classname="backend.tests.test_forge_v5_features.TestWebSocket" name="test_websocket_ping_pong" time="0.208" /><testcase classname="backend.tests.test_forge_v5_features.TestWebSocket" name="test_websocket_typing_broadcast" time="0.878" /><testcase classname="backend.tests.test_forge_v5_features.TestPresence" name="test_presence_includes_user_info" time="0.277" /></testsuite></testsuites>