<?xml version="1.0" encoding="utf-8"?><testsuites name="pytest tests"><testsuite name="pytest" errors="0" failures="2" skipped="0" tests="17" time="18.875" timestamp="2026-04-17T07:53:24.949059+00:00" hostname="agent-env-eed7bf01-c3cc-49e8-8426-1098c50eb9b1"><testcase classname="backend.tests.test_forge_v2_features.TestSSEStreamingChat" name="test_sse_stream_returns_correct_event_types" time="2.520" /><testcase classname="backend.tests.test_forge_v2_features.TestSSEStreamingChat" name="test_sse_stream_returns_402_when_out_of_credits" time="0.000" /><testcase classname="backend.tests.test_forge_v2_features.TestSSEStreamingChat" name="test_sse_stream_returns_404_for_nonexistent_project" time="0.113" /><testcase classname="backend.tests.test_forge_v2_features.TestSSEStreamingChat" name="test_sse_stream_returns_401_without_auth" time="0.143" /><testcase classname="backend.tests.test_forge_v2_features.TestZIPExport" name="test_export_returns_zip_file" time="6.886" /><testcase classname="backend.tests.test_forge_v2_features.TestZIPExport" name="test_export_zip_contains_readme" time="5.755" /><testcase classname="backend.tests.test_forge_v2_features.TestZIPExport" name="test_export_returns_404_for_nonexistent_project" time="0.107" /><testcase classname="backend.tests.test_forge_v2_features.TestZIPExport" name="test_export_returns_401_without_auth" time="0.102" /><testcase classname="backend.tests.test_forge_v2_features.TestStripePayments" name="test_list_packages_returns_four_packages" time="0.107" /><testcase classname="backend.tests.test_forge_v2_features.TestStripePayments" name="test_checkout_creates_stripe_session" time="0.696" /><testcase classname="backend.tests.test_forge_v2_features.TestStripePayments" name="test_checkout_rejects_invalid_package" time="0.141" /><testcase classname="backend.tests.test_forge_v2_features.TestStripePayments" name="test_checkout_requires_auth" time="0.122" /><testcase classname="backend.tests.test_forge_v2_features.TestStripePayments" name="test_checkout_creates_pending_transaction" time="0.887"><failure message="assert 502 == 200&#10; +  where 502 = &lt;Response [502]&gt;.status_code">backend/tests/test_forge_v2_features.py:379: in test_checkout_creates_pending_transaction
    assert status_response.status_code == 200
E   assert 502 == 200
E    +  where 502 = &lt;Response [502]&gt;.status_code</failure></testcase><testcase classname="backend.tests.test_forge_v2_features.TestStripePayments" name="test_payment_status_returns_404_for_unknown_session" time="0.118" /><testcase classname="backend.tests.test_forge_v2_features.TestStripePayments" name="test_payment_status_requires_auth" time="0.110" /><testcase classname="backend.tests.test_forge_v2_features.TestStripePayments" name="test_stripe_webhook_endpoint_exists" time="0.103" /><testcase classname="backend.tests.test_forge_v2_features.TestPaymentStatusIdempotency" name="test_status_endpoint_is_idempotent" time="0.836"><failure message="assert 502 == 200&#10; +  where 502 = &lt;Response [502]&gt;.status_code">backend/tests/test_forge_v2_features.py:441: in test_status_endpoint_is_idempotent
    assert status_response.status_code == 200
E   assert 502 == 200
E    +  where 502 = &lt;Response [502]&gt;.status_code</failure></testcase></testsuite></testsuites>