<?xml version="1.0" encoding="utf-8"?><testsuites name="pytest tests"><testsuite name="pytest" errors="0" failures="0" skipped="0" tests="29" time="10.992" timestamp="2026-04-17T09:22:15.078505+00:00" hostname="agent-env-eed7bf01-c3cc-49e8-8426-1098c50eb9b1"><testcase classname="backend.tests.test_forge_v7_p1_features.TestModelsEndpoint" name="test_models_returns_7_models" time="0.256" /><testcase classname="backend.tests.test_forge_v7_p1_features.TestModelsEndpoint" name="test_models_have_provider_field" time="0.150" /><testcase classname="backend.tests.test_forge_v7_p1_features.TestModelsEndpoint" name="test_claude_sonnet_is_recommended" time="0.103" /><testcase classname="backend.tests.test_forge_v7_p1_features.TestGetSettings" name="test_settings_requires_auth" time="0.137" /><testcase classname="backend.tests.test_forge_v7_p1_features.TestGetSettings" name="test_settings_returns_defaults" time="0.555" /><testcase classname="backend.tests.test_forge_v7_p1_features.TestUpdateSettings" name="test_update_model_id_valid" time="0.268" /><testcase classname="backend.tests.test_forge_v7_p1_features.TestUpdateSettings" name="test_update_model_id_invalid" time="0.162" /><testcase classname="backend.tests.test_forge_v7_p1_features.TestUpdateSettings" name="test_update_system_prompt_valid" time="0.218" /><testcase classname="backend.tests.test_forge_v7_p1_features.TestUpdateSettings" name="test_update_system_prompt_too_long" time="0.118" /><testcase classname="backend.tests.test_forge_v7_p1_features.TestUpdateSettings" name="test_update_byo_keys_stores_key" time="0.184" /><testcase classname="backend.tests.test_forge_v7_p1_features.TestUpdateSettings" name="test_update_byo_keys_clear_key" time="0.164" /><testcase classname="backend.tests.test_forge_v7_p1_features.TestIntegrationConnect" name="test_github_connect_fake_token_rejected" time="0.248" /><testcase classname="backend.tests.test_forge_v7_p1_features.TestIntegrationConnect" name="test_vercel_connect_fake_token_rejected" time="0.274" /><testcase classname="backend.tests.test_forge_v7_p1_features.TestIntegrationConnect" name="test_netlify_connect_fake_token_rejected" time="0.270" /><testcase classname="backend.tests.test_forge_v7_p1_features.TestIntegrationConnect" name="test_github_connect_missing_token" time="0.104" /><testcase classname="backend.tests.test_forge_v7_p1_features.TestIntegrationDisconnect" name="test_disconnect_github_when_not_connected" time="0.180" /><testcase classname="backend.tests.test_forge_v7_p1_features.TestIntegrationDisconnect" name="test_disconnect_vercel_when_not_connected" time="0.101" /><testcase classname="backend.tests.test_forge_v7_p1_features.TestIntegrationDisconnect" name="test_disconnect_netlify_when_not_connected" time="0.105" /><testcase classname="backend.tests.test_forge_v7_p1_features.TestIntegrationDisconnect" name="test_disconnect_unknown_provider" time="0.144" /><testcase classname="backend.tests.test_forge_v7_p1_features.TestDeployNotConnected" name="test_github_push_not_connected" time="0.104" /><testcase classname="backend.tests.test_forge_v7_p1_features.TestDeployNotConnected" name="test_vercel_deploy_not_connected" time="0.123" /><testcase classname="backend.tests.test_forge_v7_p1_features.TestDeployNotConnected" name="test_netlify_deploy_not_connected" time="0.167" /><testcase classname="backend.tests.test_forge_v7_p1_features.TestChatRegression" name="test_chat_endpoint_works_with_default_model" time="1.672" /><testcase classname="backend.tests.test_forge_v7_p1_features.TestChatRegression" name="test_chat_respects_selected_model" time="3.641" /><testcase classname="backend.tests.test_forge_v7_p1_features.TestExistingFeaturesRegression" name="test_export_zip_works" time="0.105" /><testcase classname="backend.tests.test_forge_v7_p1_features.TestExistingFeaturesRegression" name="test_activity_endpoint_works" time="0.101" /><testcase classname="backend.tests.test_forge_v7_p1_features.TestExistingFeaturesRegression" name="test_invite_endpoint_works" time="0.110" /><testcase classname="backend.tests.test_forge_v7_p1_features.TestExistingFeaturesRegression" name="test_stripe_packages_endpoint_works" time="0.101" /><testcase classname="backend.tests.test_forge_v7_p1_features.TestExistingFeaturesRegression" name="test_stripe_checkout_works" time="0.978" /></testsuite></testsuites>