<?xml version="1.0" encoding="utf-8"?><testsuites name="pytest tests"><testsuite name="pytest" errors="0" failures="0" skipped="0" tests="20" time="5.590" timestamp="2026-04-17T09:01:12.392897+00:00" hostname="agent-env-eed7bf01-c3cc-49e8-8426-1098c50eb9b1"><testcase classname="tests.test_forge_v6_features.TestActivityEndpoint" name="test_owner_can_get_activity" time="0.638" /><testcase classname="tests.test_forge_v6_features.TestActivityEndpoint" name="test_collaborator_can_get_activity" time="0.107" /><testcase classname="tests.test_forge_v6_features.TestActivityEndpoint" name="test_viewer_can_get_activity" time="0.100" /><testcase classname="tests.test_forge_v6_features.TestActivityEndpoint" name="test_non_member_cannot_get_activity" time="0.136" /><testcase classname="tests.test_forge_v6_features.TestProjectFilesEndpoint" name="test_owner_can_save_file" time="0.138" /><testcase classname="tests.test_forge_v6_features.TestProjectFilesEndpoint" name="test_editor_can_save_file" time="0.120" /><testcase classname="tests.test_forge_v6_features.TestProjectFilesEndpoint" name="test_viewer_cannot_save_file" time="0.104" /><testcase classname="tests.test_forge_v6_features.TestProjectFilesEndpoint" name="test_owner_can_list_files" time="0.131" /><testcase classname="tests.test_forge_v6_features.TestProjectFilesEndpoint" name="test_collaborator_can_list_files" time="0.097" /><testcase classname="tests.test_forge_v6_features.TestProjectFilesEndpoint" name="test_file_update_overwrites_content" time="0.181" /><testcase classname="tests.test_forge_v6_features.TestActivityAutoLogging" name="test_invite_logs_member_invited" time="0.650" /><testcase classname="tests.test_forge_v6_features.TestActivityAutoLogging" name="test_file_edit_logs_file_edited" time="0.648" /><testcase classname="tests.test_forge_v6_features.TestInviteEmailMocking" name="test_invite_returns_200_without_resend_key" time="0.109" /><testcase classname="tests.test_forge_v6_features.TestExportWithEditedFiles" name="test_export_includes_edited_files" time="0.185" /><testcase classname="tests.test_forge_v6_features.TestYjsWebSocketRelay" name="test_yjs_ws_rejects_bad_auth" time="0.150" /><testcase classname="tests.test_forge_v6_features.TestYjsWebSocketRelay" name="test_yjs_ws_accepts_valid_auth" time="0.154" /><testcase classname="tests.test_forge_v6_features.TestActivityEventTypes" name="test_activity_has_required_fields" time="0.145" /><testcase classname="tests.test_forge_v6_features.TestActivityEventTypes" name="test_activity_sorted_by_created_at_desc" time="0.097" /><testcase classname="tests.test_forge_v6_features.TestRoleChangeActivity" name="test_role_change_logs_activity" time="0.780" /><testcase classname="tests.test_forge_v6_features.TestNonMemberAccess" name="test_non_member_activity_returns_404" time="0.811" /></testsuite></testsuites>