<?xml version="1.0" encoding="utf-8"?><testsuites name="pytest tests"><testsuite name="pytest" errors="0" failures="0" skipped="0" tests="13" time="3.995" timestamp="2026-04-17T07:14:50.096678+00:00" hostname="agent-env-eed7bf01-c3cc-49e8-8426-1098c50eb9b1"><testcase classname="backend.tests.test_forge_api.TestHealthAndPublicEndpoints" name="test_root_endpoint_returns_app_status" time="0.142" /><testcase classname="backend.tests.test_forge_api.TestHealthAndPublicEndpoints" name="test_templates_returns_six_templates" time="0.107" /><testcase classname="backend.tests.test_forge_api.TestAuthEndpoints" name="test_auth_session_missing_header_returns_400" time="0.151" /><testcase classname="backend.tests.test_forge_api.TestAuthEndpoints" name="test_auth_session_invalid_header_returns_401" time="0.208" /><testcase classname="backend.tests.test_forge_api.TestAuthEndpoints" name="test_auth_me_without_token_returns_401" time="0.144" /><testcase classname="backend.tests.test_forge_api.TestAuthEndpoints" name="test_auth_me_with_valid_token_returns_user" time="0.135" /><testcase classname="backend.tests.test_forge_api.TestProjectsEndpoints" name="test_projects_list_without_auth_returns_401" time="0.130" /><testcase classname="backend.tests.test_forge_api.TestProjectsEndpoints" name="test_projects_list_with_auth_returns_list" time="0.107" /><testcase classname="backend.tests.test_forge_api.TestProjectsEndpoints" name="test_create_project_and_verify_persistence" time="0.228" /><testcase classname="backend.tests.test_forge_api.TestProjectsEndpoints" name="test_get_project_not_found_returns_404" time="0.107" /><testcase classname="backend.tests.test_forge_api.TestChatEndpoint" name="test_chat_sends_message_and_receives_response" time="1.977" /><testcase classname="backend.tests.test_forge_api.TestDeleteProject" name="test_delete_project_and_verify_removal" time="0.361" /><testcase classname="backend.tests.test_forge_api.TestLogout" name="test_logout_endpoint_works" time="0.101" /></testsuite></testsuites>