<?xml version="1.0" encoding="utf-8"?><testsuites name="pytest tests"><testsuite name="pytest" errors="0" failures="0" skipped="0" tests="32" time="242.366" timestamp="2026-04-17T10:10:20.604048+00:00" hostname="agent-env-eed7bf01-c3cc-49e8-8426-1098c50eb9b1"><testcase classname="backend.tests.test_forge_v9_p1p2_features.TestFileHistory" name="test_put_file_creates_version" time="0.909" /><testcase classname="backend.tests.test_forge_v9_p1p2_features.TestFileHistory" name="test_put_file_twice_creates_two_versions" time="0.341" /><testcase classname="backend.tests.test_forge_v9_p1p2_features.TestFileHistory" name="test_put_identical_content_no_duplicate_version" time="0.408" /><testcase classname="backend.tests.test_forge_v9_p1p2_features.TestFileHistory" name="test_get_files_history_returns_all_versions_newest_first" time="0.575" /><testcase classname="backend.tests.test_forge_v9_p1p2_features.TestFileHistory" name="test_get_files_history_filters_by_path" time="0.228" /><testcase classname="backend.tests.test_forge_v9_p1p2_features.TestFileHistory" name="test_get_file_version_returns_full_doc_with_content" time="0.232" /><testcase classname="backend.tests.test_forge_v9_p1p2_features.TestFileHistory" name="test_get_diff_default_params" time="0.337" /><testcase classname="backend.tests.test_forge_v9_p1p2_features.TestFileHistory" name="test_get_diff_specific_versions" time="0.520" /><testcase classname="backend.tests.test_forge_v9_p1p2_features.TestFileHistory" name="test_restore_file_version" time="0.440" /><testcase classname="backend.tests.test_forge_v9_p1p2_features.TestFileHistory" name="test_restore_as_viewer_returns_403" time="0.105" /><testcase classname="backend.tests.test_forge_v9_p1p2_features.TestFileHistory" name="test_restore_unknown_version_returns_404" time="0.107" /><testcase classname="backend.tests.test_forge_v9_p1p2_features.TestNotifications" name="test_get_notifications_fresh_user" time="0.432" /><testcase classname="backend.tests.test_forge_v9_p1p2_features.TestNotifications" name="test_invite_creates_notification_for_invitee" time="0.543" /><testcase classname="backend.tests.test_forge_v9_p1p2_features.TestNotifications" name="test_review_creates_notification" time="21.629" /><testcase classname="backend.tests.test_forge_v9_p1p2_features.TestNotifications" name="test_mark_notifications_read_specific_ids" time="0.184" /><testcase classname="backend.tests.test_forge_v9_p1p2_features.TestNotifications" name="test_mark_all_notifications_read" time="0.179" /><testcase classname="backend.tests.test_forge_v9_p1p2_features.TestNotifications" name="test_notifications_require_auth" time="0.154" /><testcase classname="backend.tests.test_forge_v9_p1p2_features.TestMultiAgent" name="test_multi_agent_streams_three_phases" time="22.090" /><testcase classname="backend.tests.test_forge_v9_p1p2_features.TestMultiAgent" name="test_multi_agent_debits_three_credits" time="59.996" /><testcase classname="backend.tests.test_forge_v9_p1p2_features.TestMultiAgent" name="test_multi_agent_returns_402_low_credits" time="0.485" /><testcase classname="backend.tests.test_forge_v9_p1p2_features.TestMultiAgent" name="test_multi_agent_persists_one_message_mode_multi" time="48.003" /><testcase classname="backend.tests.test_forge_v9_p1p2_features.TestMultiAgent" name="test_multi_agent_message_contains_three_sections" time="59.317" /><testcase classname="backend.tests.test_forge_v9_p1p2_features.TestMultiAgent" name="test_multi_agent_as_viewer_returns_403" time="15.299" /><testcase classname="backend.tests.test_forge_v9_p1p2_features.TestAgentFileVersioning" name="test_agent_write_file_creates_version_source_agent" time="1.779" /><testcase classname="backend.tests.test_forge_v9_p1p2_features.TestRegression" name="test_chat_stream_still_works" time="1.100" /><testcase classname="backend.tests.test_forge_v9_p1p2_features.TestRegression" name="test_get_models" time="5.995" /><testcase classname="backend.tests.test_forge_v9_p1p2_features.TestRegression" name="test_get_settings" time="0.117" /><testcase classname="backend.tests.test_forge_v9_p1p2_features.TestRegression" name="test_get_packages" time="0.112" /><testcase classname="backend.tests.test_forge_v9_p1p2_features.TestRegression" name="test_project_crud" time="0.242" /><testcase classname="backend.tests.test_forge_v9_p1p2_features.TestRegression" name="test_memory_endpoints" time="0.149" /><testcase classname="backend.tests.test_forge_v9_p1p2_features.TestRegression" name="test_export_endpoint" time="0.111" /><testcase classname="backend.tests.test_forge_v9_p1p2_features.TestRegression" name="test_activity_endpoint" time="0.103" /></testsuite></testsuites>